<?xml version="1.0" encoding="UTF-8"?>
<!-- Generated by org.testng.reporters.JUnitReportReporter -->
<testsuite hostname="APL-PF344HGK" failures="0" tests="1" name="runner.testrunnerfile" time="31.130" errors="0" timestamp="16 Dec 2022 09:29:34 GMT" skipped="0">
  <testcase classname="runner.testrunnerfile" name="runScenario" time="31.130"/>
</testsuite> <!-- runner.testrunnerfile -->
