<?xml version="1.0" encoding="UTF-8"?>
<!-- Generated by org.testng.reporters.JUnitReportReporter -->
<testsuite hostname="APL-PF344HGK" failures="0" tests="3" name="runner.testrunnerfile" time="169.143" errors="0" timestamp="20 Dec 2022 05:42:47 GMT" skipped="0">
  <testcase classname="runner.testrunnerfile" name="runScenario" time="58.847"/>
  <testcase classname="runner.testrunnerfile" name="runScenario" time="53.450"/>
  <testcase classname="runner.testrunnerfile" name="runScenario" time="56.846"/>
</testsuite> <!-- runner.testrunnerfile -->
