<?xml version="1.0" encoding="UTF-8"?>
<!-- Generated by org.testng.reporters.JUnitReportReporter -->
<testsuite hostname="APL-PF344HGK" failures="0" tests="1" name="runner.testrunnerfile" time="29.971" errors="0" timestamp="14 Dec 2022 09:21:55 GMT" skipped="0">
  <testcase classname="runner.testrunnerfile" name="runScenario" time="29.971"/>
</testsuite> <!-- runner.testrunnerfile -->
